[21:12:37] [main/INFO] [GradleStart]: [FG_1.2.1] Doing Classloader hack.
[21:12:37] [main/INFO] [GradleStart]: [FG_1.2.1] Setting private method 'initializePath' to be accessible.
[21:12:37] [main/INFO] [GradleStart]: [FG_1.2.1] Invoking 'initializePath' with arg 'java.library.path'.
[21:12:37] [main/INFO] [GradleStart]: [FG_1.2.1] Path Value: C:\Program Files\Java\jdk1.8.0_271\bin;C:\WINDOWS\Sun\Java\bin;C:\WINDOWS\system32;C:\WINDOWS;C:\Program Files (x86)\Embarcadero\Studio\21.0\bin;C:\Users\Public\Documents\Embarcadero\Studio\21.0\Bpl;C:\Program Files (x86)\Embarcadero\Studio\21.0\bin64;C:\Users\Public\Documents\Embarcadero\Studio\21.0\Bpl\Win64;C:\Program Files (x86)\Razer Chroma SDK\bin;C:\Program Files\Razer Chroma SDK\bin;C:\Program Files (x86)\Razer\ChromaBroadcast\bin;C:\Program Files\Razer\ChromaBroadcast\bin;C:\Windows\system32;C:\Windows;C:\Windows\System32\Wbem;C:\Windows\System32\WindowsPowerShell\v1.0\;C:\Windows\System32\OpenSSH\;C:\Program Files (x86)\NVIDIA Corporation\PhysX\Common;C:\Program Files\NVIDIA Corporation\NVIDIA NvDLISR;C:\Windows\system32\config\systemprofile\AppData\Local\Microsoft\WindowsApps;C:\Program Files\PuTTY\;C:\Program Files\Java\jdk1.8.0_271\bin;C:\Program Files\Git\cmd;C:\WINDOWS\system32;C:\WINDOWS;C:\WINDOWS\System32\Wbem;C:\WINDOWS\System32\WindowsPowerShell\v1.0\;C:\WINDOWS\System32\OpenSSH\;C:\Program Files\Docker\Docker\resources\bin;C:\ProgramData\DockerDesktop\version-bin;C:\Program Files\Amazon\AWSCLIV2\;C:\Users\Gizza\AppData\Local\Microsoft\WindowsApps;C:\Program Files\JetBrains\IntelliJ IDEA Community Edition 2020.1.3\bin;;G:\Games\PyCharm Community Edition 2020.2\bin;;C:\Users\Gizza\AppData\Local\GitHubDesktop\bin;;.;C:/Users/Gizza/.gradle/caches/minecraft/net/minecraft/minecraft_natives/1.7.10
[21:12:37] [main/INFO] [GradleStart]: [FG_1.2.1] Setting private field 'usr_paths' to be accessible.
[21:12:37] [main/INFO] [GradleStart]: [FG_1.2.1] Injecting path data.
[21:12:37] [main/INFO] [GradleStart]: [FG_1.2.1] Finished Classloader hack.
[21:12:37] [main/INFO] [GradleStart]: Loading ForgeGradle 1.2.1 - By Alkalus
[21:12:37] [main/INFO] [GradleStart]: Extra: []
[21:12:37] [main/INFO] [GradleStart]: Found and added coremod: com.brandon3055.brandonscore.asm.LoadingPlugin
[21:12:37] [main/INFO] [GradleStart]: Found and added coremod: thaumcraft.codechicken.core.launch.DepLoader
[21:12:37] [main/INFO] [GradleStart]: Running with arguments: [--userProperties, {}, --assetsDir, C:/Users/Gizza/.gradle/caches/minecraft/assets, --assetIndex, 1.7.10, --accessToken, {REDACTED}, --version, 1.7.10, --tweakClass, cpw.mods.fml.common.launcher.FMLTweaker, --tweakClass, net.minecraftforge.gradle.tweakers.CoremodTweaker]
[21:12:37] [main/INFO] [LaunchWrapper]: Loading tweak class name cpw.mods.fml.common.launcher.FMLTweaker
[21:12:37] [main/INFO] [LaunchWrapper]: Using primary tweak class name cpw.mods.fml.common.launcher.FMLTweaker
[21:12:37] [main/INFO] [LaunchWrapper]: Loading tweak class name net.minecraftforge.gradle.tweakers.CoremodTweaker
[21:12:37] [main/INFO] [LaunchWrapper]: Calling tweak class cpw.mods.fml.common.launcher.FMLTweaker
[21:19:00] [main/INFO] [GradleStart]: [FG_1.2.1] Doing Classloader hack.
[21:19:00] [main/INFO] [GradleStart]: [FG_1.2.1] Setting private method 'initializePath' to be accessible.
[21:19:00] [main/INFO] [GradleStart]: [FG_1.2.1] Invoking 'initializePath' with arg 'java.library.path'.
[21:19:00] [main/INFO] [GradleStart]: [FG_1.2.1] Path Value: C:\Program Files\Java\jdk1.8.0_271\bin;C:\WINDOWS\Sun\Java\bin;C:\WINDOWS\system32;C:\WINDOWS;C:\Program Files (x86)\Embarcadero\Studio\21.0\bin;C:\Users\Public\Documents\Embarcadero\Studio\21.0\Bpl;C:\Program Files (x86)\Embarcadero\Studio\21.0\bin64;C:\Users\Public\Documents\Embarcadero\Studio\21.0\Bpl\Win64;C:\Program Files (x86)\Razer Chroma SDK\bin;C:\Program Files\Razer Chroma SDK\bin;C:\Program Files (x86)\Razer\ChromaBroadcast\bin;C:\Program Files\Razer\ChromaBroadcast\bin;C:\Windows\system32;C:\Windows;C:\Windows\System32\Wbem;C:\Windows\System32\WindowsPowerShell\v1.0\;C:\Windows\System32\OpenSSH\;C:\Program Files (x86)\NVIDIA Corporation\PhysX\Common;C:\Program Files\NVIDIA Corporation\NVIDIA NvDLISR;C:\Windows\system32\config\systemprofile\AppData\Local\Microsoft\WindowsApps;C:\Program Files\PuTTY\;C:\Program Files\Java\jdk1.8.0_271\bin;C:\Program Files\Git\cmd;C:\WINDOWS\system32;C:\WINDOWS;C:\WINDOWS\System32\Wbem;C:\WINDOWS\System32\WindowsPowerShell\v1.0\;C:\WINDOWS\System32\OpenSSH\;C:\Program Files\Docker\Docker\resources\bin;C:\ProgramData\DockerDesktop\version-bin;C:\Program Files\Amazon\AWSCLIV2\;C:\Users\Gizza\AppData\Local\Microsoft\WindowsApps;C:\Program Files\JetBrains\IntelliJ IDEA Community Edition 2020.1.3\bin;;G:\Games\PyCharm Community Edition 2020.2\bin;;C:\Users\Gizza\AppData\Local\GitHubDesktop\bin;;.;C:/Users/Gizza/.gradle/caches/minecraft/net/minecraft/minecraft_natives/1.7.10
[21:19:00] [main/INFO] [GradleStart]: [FG_1.2.1] Setting private field 'usr_paths' to be accessible.
[21:19:00] [main/INFO] [GradleStart]: [FG_1.2.1] Injecting path data.
[21:19:00] [main/INFO] [GradleStart]: [FG_1.2.1] Finished Classloader hack.
[21:19:00] [main/INFO] [GradleStart]: Loading ForgeGradle 1.2.1 - By Alkalus
[21:19:00] [main/INFO] [GradleStart]: Extra: []
[21:19:00] [main/INFO] [GradleStart]: Found and added coremod: com.brandon3055.brandonscore.asm.LoadingPlugin
[21:19:00] [main/INFO] [GradleStart]: Found and added coremod: thaumcraft.codechicken.core.launch.DepLoader
[21:19:00] [main/INFO] [GradleStart]: Running with arguments: [--userProperties, {}, --assetsDir, C:/Users/Gizza/.gradle/caches/minecraft/assets, --assetIndex, 1.7.10, --accessToken, {REDACTED}, --version, 1.7.10, --tweakClass, cpw.mods.fml.common.launcher.FMLTweaker, --tweakClass, net.minecraftforge.gradle.tweakers.CoremodTweaker]
[21:19:00] [main/INFO] [LaunchWrapper]: Loading tweak class name cpw.mods.fml.common.launcher.FMLTweaker
[21:19:00] [main/INFO] [LaunchWrapper]: Using primary tweak class name cpw.mods.fml.common.launcher.FMLTweaker
[21:19:00] [main/INFO] [LaunchWrapper]: Loading tweak class name net.minecraftforge.gradle.tweakers.CoremodTweaker
[21:19:00] [main/INFO] [LaunchWrapper]: Calling tweak class cpw.mods.fml.common.launcher.FMLTweaker
[21:20:25] [main/INFO] [GradleStart]: [FG_1.2.1] Doing Classloader hack.
[21:20:25] [main/INFO] [GradleStart]: [FG_1.2.1] Setting private method 'initializePath' to be accessible.
[21:20:25] [main/INFO] [GradleStart]: [FG_1.2.1] Invoking 'initializePath' with arg 'java.library.path'.
[21:20:25] [main/INFO] [GradleStart]: [FG_1.2.1] Path Value: C:\Program Files\Java\jdk1.8.0_271\bin;C:\WINDOWS\Sun\Java\bin;C:\WINDOWS\system32;C:\WINDOWS;C:\Program Files (x86)\Embarcadero\Studio\21.0\bin;C:\Users\Public\Documents\Embarcadero\Studio\21.0\Bpl;C:\Program Files (x86)\Embarcadero\Studio\21.0\bin64;C:\Users\Public\Documents\Embarcadero\Studio\21.0\Bpl\Win64;C:\Program Files (x86)\Razer Chroma SDK\bin;C:\Program Files\Razer Chroma SDK\bin;C:\Program Files (x86)\Razer\ChromaBroadcast\bin;C:\Program Files\Razer\ChromaBroadcast\bin;C:\Windows\system32;C:\Windows;C:\Windows\System32\Wbem;C:\Windows\System32\WindowsPowerShell\v1.0\;C:\Windows\System32\OpenSSH\;C:\Program Files (x86)\NVIDIA Corporation\PhysX\Common;C:\Program Files\NVIDIA Corporation\NVIDIA NvDLISR;C:\Windows\system32\config\systemprofile\AppData\Local\Microsoft\WindowsApps;C:\Program Files\PuTTY\;C:\Program Files\Java\jdk1.8.0_271\bin;C:\Program Files\Git\cmd;C:\WINDOWS\system32;C:\WINDOWS;C:\WINDOWS\System32\Wbem;C:\WINDOWS\System32\WindowsPowerShell\v1.0\;C:\WINDOWS\System32\OpenSSH\;C:\Program Files\Docker\Docker\resources\bin;C:\ProgramData\DockerDesktop\version-bin;C:\Program Files\Amazon\AWSCLIV2\;C:\Users\Gizza\AppData\Local\Microsoft\WindowsApps;C:\Program Files\JetBrains\IntelliJ IDEA Community Edition 2020.1.3\bin;;G:\Games\PyCharm Community Edition 2020.2\bin;;C:\Users\Gizza\AppData\Local\GitHubDesktop\bin;;.;C:/Users/Gizza/.gradle/caches/minecraft/net/minecraft/minecraft_natives/1.7.10
[21:20:25] [main/INFO] [GradleStart]: [FG_1.2.1] Setting private field 'usr_paths' to be accessible.
[21:20:25] [main/INFO] [GradleStart]: [FG_1.2.1] Injecting path data.
[21:20:25] [main/INFO] [GradleStart]: [FG_1.2.1] Finished Classloader hack.
[21:20:25] [main/INFO] [GradleStart]: Loading ForgeGradle 1.2.1 - By Alkalus
[21:20:25] [main/INFO] [GradleStart]: Extra: []
[21:20:25] [main/INFO] [GradleStart]: Found and added coremod: com.brandon3055.brandonscore.asm.LoadingPlugin
[21:20:25] [main/INFO] [GradleStart]: Found and added coremod: thaumcraft.codechicken.core.launch.DepLoader
[21:20:25] [main/INFO] [GradleStart]: Running with arguments: [--userProperties, {}, --assetsDir, C:/Users/Gizza/.gradle/caches/minecraft/assets, --assetIndex, 1.7.10, --accessToken, {REDACTED}, --version, 1.7.10, --tweakClass, cpw.mods.fml.common.launcher.FMLTweaker, --tweakClass, net.minecraftforge.gradle.tweakers.CoremodTweaker]
[21:20:25] [main/INFO] [LaunchWrapper]: Loading tweak class name cpw.mods.fml.common.launcher.FMLTweaker
[21:20:25] [main/INFO] [LaunchWrapper]: Using primary tweak class name cpw.mods.fml.common.launcher.FMLTweaker
[21:20:25] [main/INFO] [LaunchWrapper]: Loading tweak class name net.minecraftforge.gradle.tweakers.CoremodTweaker
[21:20:25] [main/INFO] [LaunchWrapper]: Calling tweak class cpw.mods.fml.common.launcher.FMLTweaker
[21:24:34] [main/INFO] [GradleStart]: [FG_1.2.1] Doing Classloader hack.
[21:24:34] [main/INFO] [GradleStart]: [FG_1.2.1] Setting private method 'initializePath' to be accessible.
[21:24:34] [main/INFO] [GradleStart]: [FG_1.2.1] Invoking 'initializePath' with arg 'java.library.path'.
[21:24:34] [main/INFO] [GradleStart]: [FG_1.2.1] Path Value: C:\Program Files\Java\jdk1.8.0_271\bin;C:\WINDOWS\Sun\Java\bin;C:\WINDOWS\system32;C:\WINDOWS;C:\Program Files (x86)\Embarcadero\Studio\21.0\bin;C:\Users\Public\Documents\Embarcadero\Studio\21.0\Bpl;C:\Program Files (x86)\Embarcadero\Studio\21.0\bin64;C:\Users\Public\Documents\Embarcadero\Studio\21.0\Bpl\Win64;C:\Program Files (x86)\Razer Chroma SDK\bin;C:\Program Files\Razer Chroma SDK\bin;C:\Program Files (x86)\Razer\ChromaBroadcast\bin;C:\Program Files\Razer\ChromaBroadcast\bin;C:\Windows\system32;C:\Windows;C:\Windows\System32\Wbem;C:\Windows\System32\WindowsPowerShell\v1.0\;C:\Windows\System32\OpenSSH\;C:\Program Files (x86)\NVIDIA Corporation\PhysX\Common;C:\Program Files\NVIDIA Corporation\NVIDIA NvDLISR;C:\Windows\system32\config\systemprofile\AppData\Local\Microsoft\WindowsApps;C:\Program Files\PuTTY\;C:\Program Files\Java\jdk1.8.0_271\bin;C:\Program Files\Git\cmd;C:\WINDOWS\system32;C:\WINDOWS;C:\WINDOWS\System32\Wbem;C:\WINDOWS\System32\WindowsPowerShell\v1.0\;C:\WINDOWS\System32\OpenSSH\;C:\Program Files\Docker\Docker\resources\bin;C:\ProgramData\DockerDesktop\version-bin;C:\Program Files\Amazon\AWSCLIV2\;C:\Users\Gizza\AppData\Local\Microsoft\WindowsApps;C:\Program Files\JetBrains\IntelliJ IDEA Community Edition 2020.1.3\bin;;G:\Games\PyCharm Community Edition 2020.2\bin;;C:\Users\Gizza\AppData\Local\GitHubDesktop\bin;;.;C:/Users/Gizza/.gradle/caches/minecraft/net/minecraft/minecraft_natives/1.7.10
[21:24:34] [main/INFO] [GradleStart]: [FG_1.2.1] Setting private field 'usr_paths' to be accessible.
[21:24:34] [main/INFO] [GradleStart]: [FG_1.2.1] Injecting path data.
[21:24:34] [main/INFO] [GradleStart]: [FG_1.2.1] Finished Classloader hack.
[21:24:34] [main/INFO] [GradleStart]: Loading ForgeGradle 1.2.1 - By Alkalus
[21:24:34] [main/INFO] [GradleStart]: Extra: []
[21:24:34] [main/INFO] [GradleStart]: Found and added coremod: com.brandon3055.brandonscore.asm.LoadingPlugin
[21:24:34] [main/INFO] [GradleStart]: Found and added coremod: thaumcraft.codechicken.core.launch.DepLoader
[21:24:34] [main/INFO] [GradleStart]: Running with arguments: [--userProperties, {}, --assetsDir, C:/Users/Gizza/.gradle/caches/minecraft/assets, --assetIndex, 1.7.10, --accessToken, {REDACTED}, --version, 1.7.10, --tweakClass, cpw.mods.fml.common.launcher.FMLTweaker, --tweakClass, net.minecraftforge.gradle.tweakers.CoremodTweaker]
[21:24:34] [main/INFO] [LaunchWrapper]: Loading tweak class name cpw.mods.fml.common.launcher.FMLTweaker
[21:24:34] [main/INFO] [LaunchWrapper]: Using primary tweak class name cpw.mods.fml.common.launcher.FMLTweaker
[21:24:34] [main/INFO] [LaunchWrapper]: Loading tweak class name net.minecraftforge.gradle.tweakers.CoremodTweaker
[21:24:34] [main/INFO] [LaunchWrapper]: Calling tweak class cpw.mods.fml.common.launcher.FMLTweaker
[21:25:36] [main/INFO] [GradleStart]: [FG_1.2.1] Doing Classloader hack.
[21:25:36] [main/INFO] [GradleStart]: [FG_1.2.1] Setting private method 'initializePath' to be accessible.
[21:25:36] [main/INFO] [GradleStart]: [FG_1.2.1] Invoking 'initializePath' with arg 'java.library.path'.
[21:25:36] [main/INFO] [GradleStart]: [FG_1.2.1] Path Value: C:\Program Files\Java\jdk1.8.0_271\bin;C:\WINDOWS\Sun\Java\bin;C:\WINDOWS\system32;C:\WINDOWS;C:\Program Files (x86)\Embarcadero\Studio\21.0\bin;C:\Users\Public\Documents\Embarcadero\Studio\21.0\Bpl;C:\Program Files (x86)\Embarcadero\Studio\21.0\bin64;C:\Users\Public\Documents\Embarcadero\Studio\21.0\Bpl\Win64;C:\Program Files (x86)\Razer Chroma SDK\bin;C:\Program Files\Razer Chroma SDK\bin;C:\Program Files (x86)\Razer\ChromaBroadcast\bin;C:\Program Files\Razer\ChromaBroadcast\bin;C:\Windows\system32;C:\Windows;C:\Windows\System32\Wbem;C:\Windows\System32\WindowsPowerShell\v1.0\;C:\Windows\System32\OpenSSH\;C:\Program Files (x86)\NVIDIA Corporation\PhysX\Common;C:\Program Files\NVIDIA Corporation\NVIDIA NvDLISR;C:\Windows\system32\config\systemprofile\AppData\Local\Microsoft\WindowsApps;C:\Program Files\PuTTY\;C:\Program Files\Java\jdk1.8.0_271\bin;C:\Program Files\Git\cmd;C:\WINDOWS\system32;C:\WINDOWS;C:\WINDOWS\System32\Wbem;C:\WINDOWS\System32\WindowsPowerShell\v1.0\;C:\WINDOWS\System32\OpenSSH\;C:\Program Files\Docker\Docker\resources\bin;C:\ProgramData\DockerDesktop\version-bin;C:\Program Files\Amazon\AWSCLIV2\;C:\Users\Gizza\AppData\Local\Microsoft\WindowsApps;C:\Program Files\JetBrains\IntelliJ IDEA Community Edition 2020.1.3\bin;;G:\Games\PyCharm Community Edition 2020.2\bin;;C:\Users\Gizza\AppData\Local\GitHubDesktop\bin;;.;C:/Users/Gizza/.gradle/caches/minecraft/net/minecraft/minecraft_natives/1.7.10
[21:25:36] [main/INFO] [GradleStart]: [FG_1.2.1] Setting private field 'usr_paths' to be accessible.
[21:25:36] [main/INFO] [GradleStart]: [FG_1.2.1] Injecting path data.
[21:25:36] [main/INFO] [GradleStart]: [FG_1.2.1] Finished Classloader hack.
[21:25:36] [main/INFO] [GradleStart]: Loading ForgeGradle 1.2.1 - By Alkalus
[21:25:36] [main/INFO] [GradleStart]: Extra: []
[21:25:36] [main/INFO] [GradleStart]: Found and added coremod: com.brandon3055.brandonscore.asm.LoadingPlugin
[21:25:36] [main/INFO] [GradleStart]: Found and added coremod: thaumcraft.codechicken.core.launch.DepLoader
[21:25:36] [main/INFO] [GradleStart]: Running with arguments: [--userProperties, {}, --assetsDir, C:/Users/Gizza/.gradle/caches/minecraft/assets, --assetIndex, 1.7.10, --accessToken, {REDACTED}, --version, 1.7.10, --tweakClass, cpw.mods.fml.common.launcher.FMLTweaker, --tweakClass, net.minecraftforge.gradle.tweakers.CoremodTweaker]
[21:25:37] [main/INFO] [LaunchWrapper]: Loading tweak class name cpw.mods.fml.common.launcher.FMLTweaker
[21:25:37] [main/INFO] [LaunchWrapper]: Using primary tweak class name cpw.mods.fml.common.launcher.FMLTweaker
[21:25:37] [main/INFO] [LaunchWrapper]: Loading tweak class name net.minecraftforge.gradle.tweakers.CoremodTweaker
[21:25:37] [main/INFO] [LaunchWrapper]: Calling tweak class cpw.mods.fml.common.launcher.FMLTweaker
[21:29:06] [main/INFO] [GradleStart]: [FG_1.2.1] Doing Classloader hack.
[21:29:06] [main/INFO] [GradleStart]: [FG_1.2.1] Setting private method 'initializePath' to be accessible.
[21:29:06] [main/INFO] [GradleStart]: [FG_1.2.1] Invoking 'initializePath' with arg 'java.library.path'.
[21:29:06] [main/INFO] [GradleStart]: [FG_1.2.1] Path Value: C:\Program Files\Java\jdk1.8.0_271\bin;C:\WINDOWS\Sun\Java\bin;C:\WINDOWS\system32;C:\WINDOWS;C:\Program Files (x86)\Embarcadero\Studio\21.0\bin;C:\Users\Public\Documents\Embarcadero\Studio\21.0\Bpl;C:\Program Files (x86)\Embarcadero\Studio\21.0\bin64;C:\Users\Public\Documents\Embarcadero\Studio\21.0\Bpl\Win64;C:\Program Files (x86)\Razer Chroma SDK\bin;C:\Program Files\Razer Chroma SDK\bin;C:\Program Files (x86)\Razer\ChromaBroadcast\bin;C:\Program Files\Razer\ChromaBroadcast\bin;C:\Windows\system32;C:\Windows;C:\Windows\System32\Wbem;C:\Windows\System32\WindowsPowerShell\v1.0\;C:\Windows\System32\OpenSSH\;C:\Program Files (x86)\NVIDIA Corporation\PhysX\Common;C:\Program Files\NVIDIA Corporation\NVIDIA NvDLISR;C:\Windows\system32\config\systemprofile\AppData\Local\Microsoft\WindowsApps;C:\Program Files\PuTTY\;C:\Program Files\Java\jdk1.8.0_271\bin;C:\Program Files\Git\cmd;C:\WINDOWS\system32;C:\WINDOWS;C:\WINDOWS\System32\Wbem;C:\WINDOWS\System32\WindowsPowerShell\v1.0\;C:\WINDOWS\System32\OpenSSH\;C:\Program Files\Docker\Docker\resources\bin;C:\ProgramData\DockerDesktop\version-bin;C:\Program Files\Amazon\AWSCLIV2\;C:\Users\Gizza\AppData\Local\Microsoft\WindowsApps;C:\Program Files\JetBrains\IntelliJ IDEA Community Edition 2020.1.3\bin;;G:\Games\PyCharm Community Edition 2020.2\bin;;C:\Users\Gizza\AppData\Local\GitHubDesktop\bin;;.;C:/Users/Gizza/.gradle/caches/minecraft/net/minecraft/minecraft_natives/1.7.10
[21:29:06] [main/INFO] [GradleStart]: [FG_1.2.1] Setting private field 'usr_paths' to be accessible.
[21:29:06] [main/INFO] [GradleStart]: [FG_1.2.1] Injecting path data.
[21:29:06] [main/INFO] [GradleStart]: [FG_1.2.1] Finished Classloader hack.
[21:29:06] [main/INFO] [GradleStart]: Loading ForgeGradle 1.2.1 - By Alkalus
[21:29:06] [main/INFO] [GradleStart]: Extra: []
[21:29:06] [main/INFO] [GradleStart]: Found and added coremod: com.brandon3055.brandonscore.asm.LoadingPlugin
[21:29:06] [main/INFO] [GradleStart]: Found and added coremod: thaumcraft.codechicken.core.launch.DepLoader
[21:29:06] [main/INFO] [GradleStart]: Running with arguments: [--userProperties, {}, --assetsDir, C:/Users/Gizza/.gradle/caches/minecraft/assets, --assetIndex, 1.7.10, --accessToken, {REDACTED}, --version, 1.7.10, --tweakClass, cpw.mods.fml.common.launcher.FMLTweaker, --tweakClass, net.minecraftforge.gradle.tweakers.CoremodTweaker]
[21:29:06] [main/INFO] [LaunchWrapper]: Loading tweak class name cpw.mods.fml.common.launcher.FMLTweaker
[21:29:06] [main/INFO] [LaunchWrapper]: Using primary tweak class name cpw.mods.fml.common.launcher.FMLTweaker
[21:29:06] [main/INFO] [LaunchWrapper]: Loading tweak class name net.minecraftforge.gradle.tweakers.CoremodTweaker
[21:29:06] [main/INFO] [LaunchWrapper]: Calling tweak class cpw.mods.fml.common.launcher.FMLTweaker
[21:30:34] [main/INFO] [GradleStart]: [FG_1.2.1] Doing Classloader hack.
[21:30:34] [main/INFO] [GradleStart]: [FG_1.2.1] Setting private method 'initializePath' to be accessible.
[21:30:34] [main/INFO] [GradleStart]: [FG_1.2.1] Invoking 'initializePath' with arg 'java.library.path'.
[21:30:34] [main/INFO] [GradleStart]: [FG_1.2.1] Path Value: C:\Program Files\Java\jdk1.8.0_271\bin;C:\WINDOWS\Sun\Java\bin;C:\WINDOWS\system32;C:\WINDOWS;C:\Program Files (x86)\Embarcadero\Studio\21.0\bin;C:\Users\Public\Documents\Embarcadero\Studio\21.0\Bpl;C:\Program Files (x86)\Embarcadero\Studio\21.0\bin64;C:\Users\Public\Documents\Embarcadero\Studio\21.0\Bpl\Win64;C:\Program Files (x86)\Razer Chroma SDK\bin;C:\Program Files\Razer Chroma SDK\bin;C:\Program Files (x86)\Razer\ChromaBroadcast\bin;C:\Program Files\Razer\ChromaBroadcast\bin;C:\Windows\system32;C:\Windows;C:\Windows\System32\Wbem;C:\Windows\System32\WindowsPowerShell\v1.0\;C:\Windows\System32\OpenSSH\;C:\Program Files (x86)\NVIDIA Corporation\PhysX\Common;C:\Program Files\NVIDIA Corporation\NVIDIA NvDLISR;C:\Windows\system32\config\systemprofile\AppData\Local\Microsoft\WindowsApps;C:\Program Files\PuTTY\;C:\Program Files\Java\jdk1.8.0_271\bin;C:\Program Files\Git\cmd;C:\WINDOWS\system32;C:\WINDOWS;C:\WINDOWS\System32\Wbem;C:\WINDOWS\System32\WindowsPowerShell\v1.0\;C:\WINDOWS\System32\OpenSSH\;C:\Program Files\Docker\Docker\resources\bin;C:\ProgramData\DockerDesktop\version-bin;C:\Program Files\Amazon\AWSCLIV2\;C:\Users\Gizza\AppData\Local\Microsoft\WindowsApps;C:\Program Files\JetBrains\IntelliJ IDEA Community Edition 2020.1.3\bin;;G:\Games\PyCharm Community Edition 2020.2\bin;;C:\Users\Gizza\AppData\Local\GitHubDesktop\bin;;.;C:/Users/Gizza/.gradle/caches/minecraft/net/minecraft/minecraft_natives/1.7.10
[21:30:34] [main/INFO] [GradleStart]: [FG_1.2.1] Setting private field 'usr_paths' to be accessible.
[21:30:34] [main/INFO] [GradleStart]: [FG_1.2.1] Injecting path data.
[21:30:34] [main/INFO] [GradleStart]: [FG_1.2.1] Finished Classloader hack.
[21:30:34] [main/INFO] [GradleStart]: Loading ForgeGradle 1.2.1 - By Alkalus
[21:30:34] [main/INFO] [GradleStart]: Extra: []
[21:30:34] [main/INFO] [GradleStart]: Found and added coremod: com.brandon3055.brandonscore.asm.LoadingPlugin
[21:30:34] [main/INFO] [GradleStart]: Found and added coremod: thaumcraft.codechicken.core.launch.DepLoader
[21:30:34] [main/INFO] [GradleStart]: Running with arguments: [--userProperties, {}, --assetsDir, C:/Users/Gizza/.gradle/caches/minecraft/assets, --assetIndex, 1.7.10, --accessToken, {REDACTED}, --version, 1.7.10, --tweakClass, cpw.mods.fml.common.launcher.FMLTweaker, --tweakClass, net.minecraftforge.gradle.tweakers.CoremodTweaker]
[21:30:34] [main/INFO] [LaunchWrapper]: Loading tweak class name cpw.mods.fml.common.launcher.FMLTweaker
[21:30:34] [main/INFO] [LaunchWrapper]: Using primary tweak class name cpw.mods.fml.common.launcher.FMLTweaker
[21:30:34] [main/INFO] [LaunchWrapper]: Loading tweak class name net.minecraftforge.gradle.tweakers.CoremodTweaker
[21:30:34] [main/INFO] [LaunchWrapper]: Calling tweak class cpw.mods.fml.common.launcher.FMLTweaker
[21:37:33] [main/INFO] [GradleStart]: [FG_1.2.1] Doing Classloader hack.
[21:37:33] [main/INFO] [GradleStart]: [FG_1.2.1] Setting private method 'initializePath' to be accessible.
[21:37:33] [main/INFO] [GradleStart]: [FG_1.2.1] Invoking 'initializePath' with arg 'java.library.path'.
[21:37:33] [main/INFO] [GradleStart]: [FG_1.2.1] Path Value: C:\Program Files\Java\jdk1.8.0_271\bin;C:\WINDOWS\Sun\Java\bin;C:\WINDOWS\system32;C:\WINDOWS;C:\Program Files (x86)\Embarcadero\Studio\21.0\bin;C:\Users\Public\Documents\Embarcadero\Studio\21.0\Bpl;C:\Program Files (x86)\Embarcadero\Studio\21.0\bin64;C:\Users\Public\Documents\Embarcadero\Studio\21.0\Bpl\Win64;C:\Program Files (x86)\Razer Chroma SDK\bin;C:\Program Files\Razer Chroma SDK\bin;C:\Program Files (x86)\Razer\ChromaBroadcast\bin;C:\Program Files\Razer\ChromaBroadcast\bin;C:\Windows\system32;C:\Windows;C:\Windows\System32\Wbem;C:\Windows\System32\WindowsPowerShell\v1.0\;C:\Windows\System32\OpenSSH\;C:\Program Files (x86)\NVIDIA Corporation\PhysX\Common;C:\Program Files\NVIDIA Corporation\NVIDIA NvDLISR;C:\Windows\system32\config\systemprofile\AppData\Local\Microsoft\WindowsApps;C:\Program Files\PuTTY\;C:\Program Files\Java\jdk1.8.0_271\bin;C:\Program Files\Git\cmd;C:\WINDOWS\system32;C:\WINDOWS;C:\WINDOWS\System32\Wbem;C:\WINDOWS\System32\WindowsPowerShell\v1.0\;C:\WINDOWS\System32\OpenSSH\;C:\Program Files\Docker\Docker\resources\bin;C:\ProgramData\DockerDesktop\version-bin;C:\Program Files\Amazon\AWSCLIV2\;C:\Users\Gizza\AppData\Local\Microsoft\WindowsApps;C:\Program Files\JetBrains\IntelliJ IDEA Community Edition 2020.1.3\bin;;G:\Games\PyCharm Community Edition 2020.2\bin;;C:\Users\Gizza\AppData\Local\GitHubDesktop\bin;;.;C:/Users/Gizza/.gradle/caches/minecraft/net/minecraft/minecraft_natives/1.7.10
[21:37:33] [main/INFO] [GradleStart]: [FG_1.2.1] Setting private field 'usr_paths' to be accessible.
[21:37:33] [main/INFO] [GradleStart]: [FG_1.2.1] Injecting path data.
[21:37:33] [main/INFO] [GradleStart]: [FG_1.2.1] Finished Classloader hack.
[21:37:33] [main/INFO] [GradleStart]: Loading ForgeGradle 1.2.1 - By Alkalus
[21:37:33] [main/INFO] [GradleStart]: Extra: []
[21:37:33] [main/INFO] [GradleStart]: Found and added coremod: com.brandon3055.brandonscore.asm.LoadingPlugin
[21:37:33] [main/INFO] [GradleStart]: Found and added coremod: thaumcraft.codechicken.core.launch.DepLoader
[21:37:33] [main/INFO] [GradleStart]: Running with arguments: [--userProperties, {}, --assetsDir, C:/Users/Gizza/.gradle/caches/minecraft/assets, --assetIndex, 1.7.10, --accessToken, {REDACTED}, --version, 1.7.10, --tweakClass, cpw.mods.fml.common.launcher.FMLTweaker, --tweakClass, net.minecraftforge.gradle.tweakers.CoremodTweaker]
[21:37:33] [main/INFO] [LaunchWrapper]: Loading tweak class name cpw.mods.fml.common.launcher.FMLTweaker
[21:37:33] [main/INFO] [LaunchWrapper]: Using primary tweak class name cpw.mods.fml.common.launcher.FMLTweaker
[21:37:33] [main/INFO] [LaunchWrapper]: Loading tweak class name net.minecraftforge.gradle.tweakers.CoremodTweaker
[21:37:33] [main/INFO] [LaunchWrapper]: Calling tweak class cpw.mods.fml.common.launcher.FMLTweaker
[21:38:39] [main/INFO] [GradleStart]: [FG_1.2.1] Doing Classloader hack.
[21:38:39] [main/INFO] [GradleStart]: [FG_1.2.1] Setting private method 'initializePath' to be accessible.
[21:38:39] [main/INFO] [GradleStart]: [FG_1.2.1] Invoking 'initializePath' with arg 'java.library.path'.
[21:38:39] [main/INFO] [GradleStart]: [FG_1.2.1] Path Value: C:\Program Files\Java\jdk1.8.0_271\bin;C:\WINDOWS\Sun\Java\bin;C:\WINDOWS\system32;C:\WINDOWS;C:\Program Files (x86)\Embarcadero\Studio\21.0\bin;C:\Users\Public\Documents\Embarcadero\Studio\21.0\Bpl;C:\Program Files (x86)\Embarcadero\Studio\21.0\bin64;C:\Users\Public\Documents\Embarcadero\Studio\21.0\Bpl\Win64;C:\Program Files (x86)\Razer Chroma SDK\bin;C:\Program Files\Razer Chroma SDK\bin;C:\Program Files (x86)\Razer\ChromaBroadcast\bin;C:\Program Files\Razer\ChromaBroadcast\bin;C:\Windows\system32;C:\Windows;C:\Windows\System32\Wbem;C:\Windows\System32\WindowsPowerShell\v1.0\;C:\Windows\System32\OpenSSH\;C:\Program Files (x86)\NVIDIA Corporation\PhysX\Common;C:\Program Files\NVIDIA Corporation\NVIDIA NvDLISR;C:\Windows\system32\config\systemprofile\AppData\Local\Microsoft\WindowsApps;C:\Program Files\PuTTY\;C:\Program Files\Java\jdk1.8.0_271\bin;C:\Program Files\Git\cmd;C:\WINDOWS\system32;C:\WINDOWS;C:\WINDOWS\System32\Wbem;C:\WINDOWS\System32\WindowsPowerShell\v1.0\;C:\WINDOWS\System32\OpenSSH\;C:\Program Files\Docker\Docker\resources\bin;C:\ProgramData\DockerDesktop\version-bin;C:\Program Files\Amazon\AWSCLIV2\;C:\Users\Gizza\AppData\Local\Microsoft\WindowsApps;C:\Program Files\JetBrains\IntelliJ IDEA Community Edition 2020.1.3\bin;;G:\Games\PyCharm Community Edition 2020.2\bin;;C:\Users\Gizza\AppData\Local\GitHubDesktop\bin;;.;C:/Users/Gizza/.gradle/caches/minecraft/net/minecraft/minecraft_natives/1.7.10
[21:38:39] [main/INFO] [GradleStart]: [FG_1.2.1] Setting private field 'usr_paths' to be accessible.
[21:38:39] [main/INFO] [GradleStart]: [FG_1.2.1] Injecting path data.
[21:38:39] [main/INFO] [GradleStart]: [FG_1.2.1] Finished Classloader hack.
[21:38:39] [main/INFO] [GradleStart]: Loading ForgeGradle 1.2.1 - By Alkalus
[21:38:39] [main/INFO] [GradleStart]: Extra: []
[21:38:39] [main/INFO] [GradleStart]: Found and added coremod: com.brandon3055.brandonscore.asm.LoadingPlugin
[21:38:39] [main/INFO] [GradleStart]: Found and added coremod: thaumcraft.codechicken.core.launch.DepLoader
[21:38:39] [main/INFO] [GradleStart]: Running with arguments: [--userProperties, {}, --assetsDir, C:/Users/Gizza/.gradle/caches/minecraft/assets, --assetIndex, 1.7.10, --accessToken, {REDACTED}, --version, 1.7.10, --tweakClass, cpw.mods.fml.common.launcher.FMLTweaker, --tweakClass, net.minecraftforge.gradle.tweakers.CoremodTweaker]
[21:38:39] [main/INFO] [LaunchWrapper]: Loading tweak class name cpw.mods.fml.common.launcher.FMLTweaker
[21:38:39] [main/INFO] [LaunchWrapper]: Using primary tweak class name cpw.mods.fml.common.launcher.FMLTweaker
[21:38:39] [main/INFO] [LaunchWrapper]: Loading tweak class name net.minecraftforge.gradle.tweakers.CoremodTweaker
[21:38:39] [main/INFO] [LaunchWrapper]: Calling tweak class cpw.mods.fml.common.launcher.FMLTweaker
[21:41:38] [main/INFO] [GradleStart]: [FG_1.2.1] Doing Classloader hack.
[21:41:38] [main/INFO] [GradleStart]: [FG_1.2.1] Setting private method 'initializePath' to be accessible.
[21:41:38] [main/INFO] [GradleStart]: [FG_1.2.1] Invoking 'initializePath' with arg 'java.library.path'.
[21:41:38] [main/INFO] [GradleStart]: [FG_1.2.1] Path Value: C:\Program Files\Java\jdk1.8.0_271\bin;C:\WINDOWS\Sun\Java\bin;C:\WINDOWS\system32;C:\WINDOWS;C:\Program Files (x86)\Embarcadero\Studio\21.0\bin;C:\Users\Public\Documents\Embarcadero\Studio\21.0\Bpl;C:\Program Files (x86)\Embarcadero\Studio\21.0\bin64;C:\Users\Public\Documents\Embarcadero\Studio\21.0\Bpl\Win64;C:\Program Files (x86)\Razer Chroma SDK\bin;C:\Program Files\Razer Chroma SDK\bin;C:\Program Files (x86)\Razer\ChromaBroadcast\bin;C:\Program Files\Razer\ChromaBroadcast\bin;C:\Windows\system32;C:\Windows;C:\Windows\System32\Wbem;C:\Windows\System32\WindowsPowerShell\v1.0\;C:\Windows\System32\OpenSSH\;C:\Program Files (x86)\NVIDIA Corporation\PhysX\Common;C:\Program Files\NVIDIA Corporation\NVIDIA NvDLISR;C:\Windows\system32\config\systemprofile\AppData\Local\Microsoft\WindowsApps;C:\Program Files\PuTTY\;C:\Program Files\Java\jdk1.8.0_271\bin;C:\Program Files\Git\cmd;C:\WINDOWS\system32;C:\WINDOWS;C:\WINDOWS\System32\Wbem;C:\WINDOWS\System32\WindowsPowerShell\v1.0\;C:\WINDOWS\System32\OpenSSH\;C:\Program Files\Docker\Docker\resources\bin;C:\ProgramData\DockerDesktop\version-bin;C:\Program Files\Amazon\AWSCLIV2\;C:\Users\Gizza\AppData\Local\Microsoft\WindowsApps;C:\Program Files\JetBrains\IntelliJ IDEA Community Edition 2020.1.3\bin;;G:\Games\PyCharm Community Edition 2020.2\bin;;C:\Users\Gizza\AppData\Local\GitHubDesktop\bin;;.;C:/Users/Gizza/.gradle/caches/minecraft/net/minecraft/minecraft_natives/1.7.10
[21:41:38] [main/INFO] [GradleStart]: [FG_1.2.1] Setting private field 'usr_paths' to be accessible.
[21:41:38] [main/INFO] [GradleStart]: [FG_1.2.1] Injecting path data.
[21:41:38] [main/INFO] [GradleStart]: [FG_1.2.1] Finished Classloader hack.
[21:41:38] [main/INFO] [GradleStart]: Loading ForgeGradle 1.2.1 - By Alkalus
[21:41:38] [main/INFO] [GradleStart]: Extra: []
[21:41:38] [main/INFO] [GradleStart]: Found and added coremod: com.brandon3055.brandonscore.asm.LoadingPlugin
[21:41:38] [main/INFO] [GradleStart]: Found and added coremod: thaumcraft.codechicken.core.launch.DepLoader
[21:41:38] [main/INFO] [GradleStart]: Running with arguments: [--userProperties, {}, --assetsDir, C:/Users/Gizza/.gradle/caches/minecraft/assets, --assetIndex, 1.7.10, --accessToken, {REDACTED}, --version, 1.7.10, --tweakClass, cpw.mods.fml.common.launcher.FMLTweaker, --tweakClass, net.minecraftforge.gradle.tweakers.CoremodTweaker]
[21:41:38] [main/INFO] [LaunchWrapper]: Loading tweak class name cpw.mods.fml.common.launcher.FMLTweaker
[21:41:38] [main/INFO] [LaunchWrapper]: Using primary tweak class name cpw.mods.fml.common.launcher.FMLTweaker
[21:41:38] [main/INFO] [LaunchWrapper]: Loading tweak class name net.minecraftforge.gradle.tweakers.CoremodTweaker
[21:41:38] [main/INFO] [LaunchWrapper]: Calling tweak class cpw.mods.fml.common.launcher.FMLTweaker
[21:44:38] [main/INFO] [GradleStart]: [FG_1.2.1] Doing Classloader hack.
[21:44:38] [main/INFO] [GradleStart]: [FG_1.2.1] Setting private method 'initializePath' to be accessible.
[21:44:38] [main/INFO] [GradleStart]: [FG_1.2.1] Invoking 'initializePath' with arg 'java.library.path'.
[21:44:38] [main/INFO] [GradleStart]: [FG_1.2.1] Path Value: C:\Program Files\Java\jdk1.8.0_271\bin;C:\WINDOWS\Sun\Java\bin;C:\WINDOWS\system32;C:\WINDOWS;C:\Program Files (x86)\Embarcadero\Studio\21.0\bin;C:\Users\Public\Documents\Embarcadero\Studio\21.0\Bpl;C:\Program Files (x86)\Embarcadero\Studio\21.0\bin64;C:\Users\Public\Documents\Embarcadero\Studio\21.0\Bpl\Win64;C:\Program Files (x86)\Razer Chroma SDK\bin;C:\Program Files\Razer Chroma SDK\bin;C:\Program Files (x86)\Razer\ChromaBroadcast\bin;C:\Program Files\Razer\ChromaBroadcast\bin;C:\Windows\system32;C:\Windows;C:\Windows\System32\Wbem;C:\Windows\System32\WindowsPowerShell\v1.0\;C:\Windows\System32\OpenSSH\;C:\Program Files (x86)\NVIDIA Corporation\PhysX\Common;C:\Program Files\NVIDIA Corporation\NVIDIA NvDLISR;C:\Windows\system32\config\systemprofile\AppData\Local\Microsoft\WindowsApps;C:\Program Files\PuTTY\;C:\Program Files\Java\jdk1.8.0_271\bin;C:\Program Files\Git\cmd;C:\WINDOWS\system32;C:\WINDOWS;C:\WINDOWS\System32\Wbem;C:\WINDOWS\System32\WindowsPowerShell\v1.0\;C:\WINDOWS\System32\OpenSSH\;C:\Program Files\Docker\Docker\resources\bin;C:\ProgramData\DockerDesktop\version-bin;C:\Program Files\Amazon\AWSCLIV2\;C:\Users\Gizza\AppData\Local\Microsoft\WindowsApps;C:\Program Files\JetBrains\IntelliJ IDEA Community Edition 2020.1.3\bin;;G:\Games\PyCharm Community Edition 2020.2\bin;;C:\Users\Gizza\AppData\Local\GitHubDesktop\bin;;.;C:/Users/Gizza/.gradle/caches/minecraft/net/minecraft/minecraft_natives/1.7.10
[21:44:38] [main/INFO] [GradleStart]: [FG_1.2.1] Setting private field 'usr_paths' to be accessible.
[21:44:38] [main/INFO] [GradleStart]: [FG_1.2.1] Injecting path data.
[21:44:38] [main/INFO] [GradleStart]: [FG_1.2.1] Finished Classloader hack.
[21:44:38] [main/INFO] [GradleStart]: Loading ForgeGradle 1.2.1 - By Alkalus
[21:44:38] [main/INFO] [GradleStart]: Extra: []
[21:44:38] [main/INFO] [GradleStart]: Found and added coremod: com.brandon3055.brandonscore.asm.LoadingPlugin
[21:44:38] [main/INFO] [GradleStart]: Found and added coremod: thaumcraft.codechicken.core.launch.DepLoader
[21:44:38] [main/INFO] [GradleStart]: Running with arguments: [--userProperties, {}, --assetsDir, C:/Users/Gizza/.gradle/caches/minecraft/assets, --assetIndex, 1.7.10, --accessToken, {REDACTED}, --version, 1.7.10, --tweakClass, cpw.mods.fml.common.launcher.FMLTweaker, --tweakClass, net.minecraftforge.gradle.tweakers.CoremodTweaker]
[21:44:38] [main/INFO] [LaunchWrapper]: Loading tweak class name cpw.mods.fml.common.launcher.FMLTweaker
[21:44:38] [main/INFO] [LaunchWrapper]: Using primary tweak class name cpw.mods.fml.common.launcher.FMLTweaker
[21:44:38] [main/INFO] [LaunchWrapper]: Loading tweak class name net.minecraftforge.gradle.tweakers.CoremodTweaker
[21:44:38] [main/INFO] [LaunchWrapper]: Calling tweak class cpw.mods.fml.common.launcher.FMLTweaker
